2021-07-19 16:39:07,954 INFO 16072 [egg:logger] init all loggers with options: {"dir":"D:\\Projects\\llccing-demo\\docker-node\\docker-node-ngxin-mongo\\node\\logs\\egg-docker-template","encoding":"utf8","env":"local","level":"INFO","consoleLevel":"INFO","disableConsoleAfterReady":false,"outputJSON":false,"buffer":true,"appLogName":"egg-docker-template-web.log","coreLogName":"egg-web.log","agentLogName":"egg-agent.log","errorLogName":"common-error.log","coreLogger":{"consoleLevel":"WARN"},"allowDebugAtProd":false,"type":"application"}
2021-07-19 16:39:07,991 INFO 16072 [egg-multipart] stream mode enable
2021-07-19 16:39:08,113 INFO 16072 [egg-static] starting static serve /public/ -> D:\Projects\llccing-demo\docker-node\docker-node-ngxin-mongo\node\app\public
2021-07-19 16:39:08,118 INFO 16072 [egg-security] use methodnoallow middleware
2021-07-19 16:39:08,119 INFO 16072 [egg-security] use noopen middleware
2021-07-19 16:39:08,119 INFO 16072 [egg-security] use nosniff middleware
2021-07-19 16:39:08,120 INFO 16072 [egg-security] use xssProtection middleware
2021-07-19 16:39:08,121 INFO 16072 [egg-security] use xframe middleware
2021-07-19 16:39:08,121 INFO 16072 [egg-security] use dta middleware
2021-07-19 16:39:08,121 INFO 16072 [egg-security] compose 6 middlewares into one security middleware
2021-07-19 16:39:08,132 INFO 16072 [egg:core] dump config after load, 6ms
2021-07-19 16:39:08,151 INFO 16072 [egg-watcher:application] watcher start success
2021-07-19 16:39:08,161 INFO 16072 [egg:core] dump config after ready, 7ms
2021-07-19 16:39:10,215 ERROR 16072 nodejs.MongoNetworkError: failed to connect to server [undefined:27017] on first connect [Error: getaddrinfo ENOTFOUND undefined
    at GetAddrInfoReqWrap.onlookup [as oncomplete] (dns.js:66:26) {
  name: 'MongoNetworkError'
}]
    at GetAddrInfoReqWrap.onlookup [as oncomplete] (dns.js:66:26) {
  name: 'MongoNetworkError'
}]
    at Pool.<anonymous> (D:\Projects\llccing-demo\docker-node\docker-node-ngxin-mongo\node\node_modules\mongodb\lib\core\topologies\server.js:441:11)
    at Pool.emit (events.js:315:20)
    at D:\Projects\llccing-demo\docker-node\docker-node-ngxin-mongo\node\node_modules\mongodb\lib\core\connection\pool.js:564:14
    at D:\Projects\llccing-demo\docker-node\docker-node-ngxin-mongo\node\node_modules\mongodb\lib\core\connection\pool.js:999:11
    at D:\Projects\llccing-demo\docker-node\docker-node-ngxin-mongo\node\node_modules\mongodb\lib\core\connection\connect.js:32:7
    at callback (D:\Projects\llccing-demo\docker-node\docker-node-ngxin-mongo\node\node_modules\mongodb\lib\core\connection\connect.js:283:5)
    at Socket.<anonymous> (D:\Projects\llccing-demo\docker-node\docker-node-ngxin-mongo\node\node_modules\mongodb\lib\core\connection\connect.js:313:7)
    at Object.onceWrapper (events.js:422:26)
    at Socket.emit (events.js:315:20)
    at emitErrorNT (internal/streams/destroy.js:92:8)
    at emitErrorAndCloseNT (internal/streams/destroy.js:60:3)
    at processTicksAndRejections (internal/process/task_queues.js:84:21)
name: "MongoNetworkError"
pid: 16072
hostname: LAPTOP-99LJL1ND

2021-07-19 16:47:37,812 INFO 29048 [egg:logger] init all loggers with options: {"dir":"D:\\Projects\\llccing-demo\\docker-node\\docker-node-ngxin-mongo\\node\\logs\\egg-docker-template","encoding":"utf8","env":"local","level":"INFO","consoleLevel":"INFO","disableConsoleAfterReady":false,"outputJSON":false,"buffer":true,"appLogName":"egg-docker-template-web.log","coreLogName":"egg-web.log","agentLogName":"egg-agent.log","errorLogName":"common-error.log","coreLogger":{"consoleLevel":"WARN"},"allowDebugAtProd":false,"type":"application"}
2021-07-19 16:47:37,854 INFO 29048 [egg-multipart] stream mode enable
2021-07-19 16:47:37,967 INFO 29048 [egg-static] starting static serve /public/ -> D:\Projects\llccing-demo\docker-node\docker-node-ngxin-mongo\node\app\public
2021-07-19 16:47:37,970 INFO 29048 [egg-security] use methodnoallow middleware
2021-07-19 16:47:37,970 INFO 29048 [egg-security] use noopen middleware
2021-07-19 16:47:37,971 INFO 29048 [egg-security] use nosniff middleware
2021-07-19 16:47:37,971 INFO 29048 [egg-security] use xssProtection middleware
2021-07-19 16:47:37,972 INFO 29048 [egg-security] use xframe middleware
2021-07-19 16:47:37,972 INFO 29048 [egg-security] use dta middleware
2021-07-19 16:47:37,972 INFO 29048 [egg-security] compose 6 middlewares into one security middleware
2021-07-19 16:47:37,981 INFO 29048 [egg:core] dump config after load, 5ms
2021-07-19 16:47:38,052 INFO 29048 [egg-watcher:application] watcher start success
2021-07-19 16:47:38,072 ERROR 29048 nodejs.MongoNetworkError: failed to connect to server [127.0.0.1:27017] on first connect [MongoError: Authentication failed.
    at Connection.messageHandler (D:\Projects\llccing-demo\docker-node\docker-node-ngxin-mongo\node\node_modules\mongodb\lib\core\connection\connection.js:362:19)
    at Connection.emit (events.js:315:20)
    at processMessage (D:\Projects\llccing-demo\docker-node\docker-node-ngxin-mongo\node\node_modules\mongodb\lib\core\connection\connection.js:454:10)
    at Socket.<anonymous> (D:\Projects\llccing-demo\docker-node\docker-node-ngxin-mongo\node\node_modules\mongodb\lib\core\connection\connection.js:623:15)
    at Socket.emit (events.js:315:20)
    at addChunk (_stream_readable.js:295:12)
    at readableAddChunk (_stream_readable.js:271:9)
    at Socket.Readable.push (_stream_readable.js:212:10)
    at TCP.onStreamRead (internal/stream_base_commons.js:186:23) {
  ok: 0,
  code: 18
}]
    at Connection.messageHandler (D:\Projects\llccing-demo\docker-node\docker-node-ngxin-mongo\node\node_modules\mongodb\lib\core\connection\connection.js:362:19)
    at Connection.emit (events.js:315:20)
    at processMessage (D:\Projects\llccing-demo\docker-node\docker-node-ngxin-mongo\node\node_modules\mongodb\lib\core\connection\connection.js:454:10)
    at Socket.<anonymous> (D:\Projects\llccing-demo\docker-node\docker-node-ngxin-mongo\node\node_modules\mongodb\lib\core\connection\connection.js:623:15)
    at Socket.emit (events.js:315:20)
    at addChunk (_stream_readable.js:295:12)
    at readableAddChunk (_stream_readable.js:271:9)
    at Socket.Readable.push (_stream_readable.js:212:10)
    at TCP.onStreamRead (internal/stream_base_commons.js:186:23) {
  ok: 0,
  code: 18
}]
    at Pool.<anonymous> (D:\Projects\llccing-demo\docker-node\docker-node-ngxin-mongo\node\node_modules\mongodb\lib\core\topologies\server.js:441:11)
    at Pool.emit (events.js:315:20)
    at D:\Projects\llccing-demo\docker-node\docker-node-ngxin-mongo\node\node_modules\mongodb\lib\core\connection\pool.js:564:14
    at D:\Projects\llccing-demo\docker-node\docker-node-ngxin-mongo\node\node_modules\mongodb\lib\core\connection\pool.js:999:11
    at callback (D:\Projects\llccing-demo\docker-node\docker-node-ngxin-mongo\node\node_modules\mongodb\lib\core\connection\connect.js:75:5)
    at D:\Projects\llccing-demo\docker-node\docker-node-ngxin-mongo\node\node_modules\mongodb\lib\core\connection\connect.js:147:27
    at D:\Projects\llccing-demo\docker-node\docker-node-ngxin-mongo\node\node_modules\mongodb\lib\core\auth\scram.js:109:14
    at _callback (D:\Projects\llccing-demo\docker-node\docker-node-ngxin-mongo\node\node_modules\mongodb\lib\core\connection\connection.js:331:7)
    at Connection.messageHandler (D:\Projects\llccing-demo\docker-node\docker-node-ngxin-mongo\node\node_modules\mongodb\lib\core\connection\connection.js:362:9)
    at Connection.emit (events.js:315:20)
    at processMessage (D:\Projects\llccing-demo\docker-node\docker-node-ngxin-mongo\node\node_modules\mongodb\lib\core\connection\connection.js:454:10)
    at Socket.<anonymous> (D:\Projects\llccing-demo\docker-node\docker-node-ngxin-mongo\node\node_modules\mongodb\lib\core\connection\connection.js:623:15)
    at Socket.emit (events.js:315:20)
    at addChunk (_stream_readable.js:295:12)
    at readableAddChunk (_stream_readable.js:271:9)
    at Socket.Readable.push (_stream_readable.js:212:10)
name: "MongoNetworkError"
pid: 29048
hostname: LAPTOP-99LJL1ND

2021-07-19 16:47:38,087 INFO 29048 [egg:core] dump config after ready, 11ms
2021-07-19 16:48:56,429 INFO 27676 [egg:logger] init all loggers with options: {"dir":"D:\\Projects\\llccing-demo\\docker-node\\docker-node-ngxin-mongo\\node\\logs\\egg-docker-template","encoding":"utf8","env":"local","level":"INFO","consoleLevel":"INFO","disableConsoleAfterReady":false,"outputJSON":false,"buffer":true,"appLogName":"egg-docker-template-web.log","coreLogName":"egg-web.log","agentLogName":"egg-agent.log","errorLogName":"common-error.log","coreLogger":{"consoleLevel":"WARN"},"allowDebugAtProd":false,"type":"application"}
2021-07-19 16:48:56,461 INFO 27676 [egg-multipart] stream mode enable
2021-07-19 16:48:56,564 INFO 27676 [egg-static] starting static serve /public/ -> D:\Projects\llccing-demo\docker-node\docker-node-ngxin-mongo\node\app\public
2021-07-19 16:48:56,567 INFO 27676 [egg-security] use methodnoallow middleware
2021-07-19 16:48:56,568 INFO 27676 [egg-security] use noopen middleware
2021-07-19 16:48:56,569 INFO 27676 [egg-security] use nosniff middleware
2021-07-19 16:48:56,569 INFO 27676 [egg-security] use xssProtection middleware
2021-07-19 16:48:56,570 INFO 27676 [egg-security] use xframe middleware
2021-07-19 16:48:56,570 INFO 27676 [egg-security] use dta middleware
2021-07-19 16:48:56,570 INFO 27676 [egg-security] compose 6 middlewares into one security middleware
2021-07-19 16:48:56,580 INFO 27676 [egg:core] dump config after load, 6ms
2021-07-19 16:48:56,599 INFO 27676 [egg-watcher:application] watcher start success
2021-07-19 16:48:56,608 INFO 27676 [egg:core] dump config after ready, 7ms
2021-07-19 16:48:56,626 ERROR 27676 nodejs.MongoError: Authentication failed.
    at MessageStream.messageHandler (D:\Projects\llccing-demo\docker-node\docker-node-ngxin-mongo\node\node_modules\mongodb\lib\cmap\connection.js:272:20)
    at MessageStream.emit (events.js:315:20)
    at processIncomingData (D:\Projects\llccing-demo\docker-node\docker-node-ngxin-mongo\node\node_modules\mongodb\lib\cmap\message_stream.js:144:12)
    at MessageStream._write (D:\Projects\llccing-demo\docker-node\docker-node-ngxin-mongo\node\node_modules\mongodb\lib\cmap\message_stream.js:42:5)
    at doWrite (_stream_writable.js:403:12)
    at writeOrBuffer (_stream_writable.js:387:5)
    at MessageStream.Writable.write (_stream_writable.js:318:11)
    at Socket.ondata (_stream_readable.js:717:22)
    at Socket.emit (events.js:315:20)
    at addChunk (_stream_readable.js:295:12)
    at readableAddChunk (_stream_readable.js:271:9)
    at Socket.Readable.push (_stream_readable.js:212:10)
    at TCP.onStreamRead (internal/stream_base_commons.js:186:23)
ok: 0
code: 18
name: "MongoError"
pid: 27676
hostname: LAPTOP-99LJL1ND

2021-07-19 16:49:05,219 INFO 9092 [egg:logger] init all loggers with options: {"dir":"D:\\Projects\\llccing-demo\\docker-node\\docker-node-ngxin-mongo\\node\\logs\\egg-docker-template","encoding":"utf8","env":"local","level":"INFO","consoleLevel":"INFO","disableConsoleAfterReady":false,"outputJSON":false,"buffer":true,"appLogName":"egg-docker-template-web.log","coreLogName":"egg-web.log","agentLogName":"egg-agent.log","errorLogName":"common-error.log","coreLogger":{"consoleLevel":"WARN"},"allowDebugAtProd":false,"type":"application"}
2021-07-19 16:49:05,255 INFO 9092 [egg-multipart] stream mode enable
2021-07-19 16:49:05,363 INFO 9092 [egg-static] starting static serve /public/ -> D:\Projects\llccing-demo\docker-node\docker-node-ngxin-mongo\node\app\public
2021-07-19 16:49:05,365 INFO 9092 [egg-security] use methodnoallow middleware
2021-07-19 16:49:05,365 INFO 9092 [egg-security] use noopen middleware
2021-07-19 16:49:05,366 INFO 9092 [egg-security] use nosniff middleware
2021-07-19 16:49:05,367 INFO 9092 [egg-security] use xssProtection middleware
2021-07-19 16:49:05,367 INFO 9092 [egg-security] use xframe middleware
2021-07-19 16:49:05,367 INFO 9092 [egg-security] use dta middleware
2021-07-19 16:49:05,367 INFO 9092 [egg-security] compose 6 middlewares into one security middleware
2021-07-19 16:49:05,379 INFO 9092 [egg:core] dump config after load, 7ms
2021-07-19 16:49:05,401 INFO 9092 [egg-watcher:application] watcher start success
2021-07-19 16:49:05,414 ERROR 9092 nodejs.MongoError: Authentication failed.
    at MessageStream.messageHandler (D:\Projects\llccing-demo\docker-node\docker-node-ngxin-mongo\node\node_modules\mongodb\lib\cmap\connection.js:272:20)
    at MessageStream.emit (events.js:315:20)
    at processIncomingData (D:\Projects\llccing-demo\docker-node\docker-node-ngxin-mongo\node\node_modules\mongodb\lib\cmap\message_stream.js:144:12)
    at MessageStream._write (D:\Projects\llccing-demo\docker-node\docker-node-ngxin-mongo\node\node_modules\mongodb\lib\cmap\message_stream.js:42:5)
    at doWrite (_stream_writable.js:403:12)
    at writeOrBuffer (_stream_writable.js:387:5)
    at MessageStream.Writable.write (_stream_writable.js:318:11)
    at Socket.ondata (_stream_readable.js:717:22)
    at Socket.emit (events.js:315:20)
    at addChunk (_stream_readable.js:295:12)
    at readableAddChunk (_stream_readable.js:271:9)
    at Socket.Readable.push (_stream_readable.js:212:10)
    at TCP.onStreamRead (internal/stream_base_commons.js:186:23)
ok: 0
code: 18
name: "MongoError"
pid: 9092
hostname: LAPTOP-99LJL1ND

2021-07-19 16:49:05,427 INFO 9092 [egg:core] dump config after ready, 10ms
2021-07-19 09:32:17,042 INFO 59 [egg:logger] init all loggers with options: {"dir":"/app/logs/egg-docker-template","encoding":"utf8","env":"local","level":"INFO","consoleLevel":"INFO","disableConsoleAfterReady":false,"outputJSON":false,"buffer":true,"appLogName":"egg-docker-template-web.log","coreLogName":"egg-web.log","agentLogName":"egg-agent.log","errorLogName":"common-error.log","coreLogger":{"consoleLevel":"WARN"},"allowDebugAtProd":false,"type":"application"}
2021-07-19 09:32:17,083 INFO 59 [egg-multipart] stream mode enable
2021-07-19 09:32:17,174 INFO 59 [egg-static] starting static serve /public/ -> /app/app/public
2021-07-19 09:32:17,176 INFO 59 [egg-security] use methodnoallow middleware
2021-07-19 09:32:17,176 INFO 59 [egg-security] use noopen middleware
2021-07-19 09:32:17,177 INFO 59 [egg-security] use nosniff middleware
2021-07-19 09:32:17,177 INFO 59 [egg-security] use xssProtection middleware
2021-07-19 09:32:17,177 INFO 59 [egg-security] use xframe middleware
2021-07-19 09:32:17,177 INFO 59 [egg-security] use dta middleware
2021-07-19 09:32:17,177 INFO 59 [egg-security] compose 6 middlewares into one security middleware
2021-07-19 09:32:17,228 INFO 59 [egg:core] dump config after load, 16ms
2021-07-19 09:32:17,252 INFO 59 [egg-watcher:application] watcher start success
2021-07-19 09:32:17,276 INFO 59 [egg:core] dump config after ready, 21ms
2021-07-19 09:32:47,005 ERROR 59 nodejs.MongooseServerSelectionError: connect ECONNREFUSED 127.0.0.1:27017
    at NativeConnection.Connection.openUri (/app/node_modules/mongoose/lib/connection.js:846:32)
    at _mongoose._promiseOrCallback.cb (/app/node_modules/mongoose/lib/index.js:351:10)
    at Promise (/app/node_modules/mongoose/lib/helpers/promiseOrCallback.js:32:5)
    at new Promise (<anonymous>)
    at promiseOrCallback (/app/node_modules/mongoose/lib/helpers/promiseOrCallback.js:31:10)
    at Mongoose._promiseOrCallback (/app/node_modules/mongoose/lib/index.js:1149:10)
    at Mongoose.connect (/app/node_modules/mongoose/lib/index.js:350:20)
    at exports.connect (/app/app/database/init.js:14:14)
    at /app/app.js:9:5
    at Object.<anonymous> (/app/app.js:11:3)
    at Module._compile (internal/modules/cjs/loader.js:778:30)
    at Object.Module._extensions..js (internal/modules/cjs/loader.js:789:10)
    at Module.load (internal/modules/cjs/loader.js:653:32)
    at tryModuleLoad (internal/modules/cjs/loader.js:593:12)
    at Function.Module._load (internal/modules/cjs/loader.js:585:3)
    at Module.require (internal/modules/cjs/loader.js:692:17)
message: "connect ECONNREFUSED 127.0.0.1:27017"
reason: {"type":"Single","setName":null,"maxSetVersion":null,"maxElectionId":null,"servers":{},"stale":false,"compatible":true,"compatibilityError":null,"logicalSessionTimeoutMinutes":null,"heartbeatFrequencyMS":10000,"localThresholdMS":15,"commonWireVersion":null}
pid: 59
hostname: 926f64e17392

2021-07-19 09:33:54,756 INFO 58 [egg:logger] init all loggers with options: {"dir":"/app/logs/egg-docker-template","encoding":"utf8","env":"local","level":"INFO","consoleLevel":"INFO","disableConsoleAfterReady":false,"outputJSON":false,"buffer":true,"appLogName":"egg-docker-template-web.log","coreLogName":"egg-web.log","agentLogName":"egg-agent.log","errorLogName":"common-error.log","coreLogger":{"consoleLevel":"WARN"},"allowDebugAtProd":false,"type":"application"}
2021-07-19 09:33:54,795 INFO 58 [egg-multipart] stream mode enable
2021-07-19 09:33:54,871 INFO 58 [egg-static] starting static serve /public/ -> /app/app/public
2021-07-19 09:33:54,873 INFO 58 [egg-security] use methodnoallow middleware
2021-07-19 09:33:54,873 INFO 58 [egg-security] use noopen middleware
2021-07-19 09:33:54,874 INFO 58 [egg-security] use nosniff middleware
2021-07-19 09:33:54,874 INFO 58 [egg-security] use xssProtection middleware
2021-07-19 09:33:54,874 INFO 58 [egg-security] use xframe middleware
2021-07-19 09:33:54,874 INFO 58 [egg-security] use dta middleware
2021-07-19 09:33:54,874 INFO 58 [egg-security] compose 6 middlewares into one security middleware
2021-07-19 09:33:54,906 INFO 58 [egg:core] dump config after load, 12ms
2021-07-19 09:33:54,929 INFO 58 [egg-watcher:application] watcher start success
2021-07-19 09:33:54,949 INFO 58 [egg:core] dump config after ready, 18ms
2021-07-19 09:34:24,721 ERROR 58 nodejs.MongooseServerSelectionError: connect ECONNREFUSED 127.0.0.1:27017
    at NativeConnection.Connection.openUri (/app/node_modules/mongoose/lib/connection.js:846:32)
    at _mongoose._promiseOrCallback.cb (/app/node_modules/mongoose/lib/index.js:351:10)
    at Promise (/app/node_modules/mongoose/lib/helpers/promiseOrCallback.js:32:5)
    at new Promise (<anonymous>)
    at promiseOrCallback (/app/node_modules/mongoose/lib/helpers/promiseOrCallback.js:31:10)
    at Mongoose._promiseOrCallback (/app/node_modules/mongoose/lib/index.js:1149:10)
    at Mongoose.connect (/app/node_modules/mongoose/lib/index.js:350:20)
    at exports.connect (/app/app/database/init.js:14:14)
    at /app/app.js:9:5
    at Object.<anonymous> (/app/app.js:11:3)
    at Module._compile (internal/modules/cjs/loader.js:778:30)
    at Object.Module._extensions..js (internal/modules/cjs/loader.js:789:10)
    at Module.load (internal/modules/cjs/loader.js:653:32)
    at tryModuleLoad (internal/modules/cjs/loader.js:593:12)
    at Function.Module._load (internal/modules/cjs/loader.js:585:3)
    at Module.require (internal/modules/cjs/loader.js:692:17)
message: "connect ECONNREFUSED 127.0.0.1:27017"
reason: {"type":"Single","setName":null,"maxSetVersion":null,"maxElectionId":null,"servers":{},"stale":false,"compatible":true,"compatibilityError":null,"logicalSessionTimeoutMinutes":null,"heartbeatFrequencyMS":10000,"localThresholdMS":15,"commonWireVersion":null}
pid: 58
hostname: 3f4a6cb80e4d

2021-07-19 09:39:00,149 INFO 59 [egg:logger] init all loggers with options: {"dir":"/app/logs/egg-docker-template","encoding":"utf8","env":"local","level":"INFO","consoleLevel":"INFO","disableConsoleAfterReady":false,"outputJSON":false,"buffer":true,"appLogName":"egg-docker-template-web.log","coreLogName":"egg-web.log","agentLogName":"egg-agent.log","errorLogName":"common-error.log","coreLogger":{"consoleLevel":"WARN"},"allowDebugAtProd":false,"type":"application"}
2021-07-19 09:39:00,186 INFO 59 [egg-multipart] stream mode enable
2021-07-19 09:39:00,268 INFO 59 [egg-static] starting static serve /public/ -> /app/app/public
2021-07-19 09:39:00,270 INFO 59 [egg-security] use methodnoallow middleware
2021-07-19 09:39:00,270 INFO 59 [egg-security] use noopen middleware
2021-07-19 09:39:00,270 INFO 59 [egg-security] use nosniff middleware
2021-07-19 09:39:00,270 INFO 59 [egg-security] use xssProtection middleware
2021-07-19 09:39:00,270 INFO 59 [egg-security] use xframe middleware
2021-07-19 09:39:00,271 INFO 59 [egg-security] use dta middleware
2021-07-19 09:39:00,271 INFO 59 [egg-security] compose 6 middlewares into one security middleware
2021-07-19 09:39:00,315 INFO 59 [egg:core] dump config after load, 14ms
2021-07-19 09:39:00,339 INFO 59 [egg-watcher:application] watcher start success
2021-07-19 09:39:00,362 INFO 59 [egg:core] dump config after ready, 22ms
2021-07-19 09:39:30,107 ERROR 59 nodejs.MongooseServerSelectionError: connect ECONNREFUSED 127.0.0.1:27017
    at NativeConnection.Connection.openUri (/app/node_modules/mongoose/lib/connection.js:846:32)
    at _mongoose._promiseOrCallback.cb (/app/node_modules/mongoose/lib/index.js:351:10)
    at Promise (/app/node_modules/mongoose/lib/helpers/promiseOrCallback.js:32:5)
    at new Promise (<anonymous>)
    at promiseOrCallback (/app/node_modules/mongoose/lib/helpers/promiseOrCallback.js:31:10)
    at Mongoose._promiseOrCallback (/app/node_modules/mongoose/lib/index.js:1149:10)
    at Mongoose.connect (/app/node_modules/mongoose/lib/index.js:350:20)
    at exports.connect (/app/app/database/init.js:14:14)
    at /app/app.js:9:5
    at Object.<anonymous> (/app/app.js:11:3)
    at Module._compile (internal/modules/cjs/loader.js:778:30)
    at Object.Module._extensions..js (internal/modules/cjs/loader.js:789:10)
    at Module.load (internal/modules/cjs/loader.js:653:32)
    at tryModuleLoad (internal/modules/cjs/loader.js:593:12)
    at Function.Module._load (internal/modules/cjs/loader.js:585:3)
    at Module.require (internal/modules/cjs/loader.js:692:17)
message: "connect ECONNREFUSED 127.0.0.1:27017"
reason: {"type":"Single","setName":null,"maxSetVersion":null,"maxElectionId":null,"servers":{},"stale":false,"compatible":true,"compatibilityError":null,"logicalSessionTimeoutMinutes":null,"heartbeatFrequencyMS":10000,"localThresholdMS":15,"commonWireVersion":null}
pid: 59
hostname: ef5539b3119b

